<?xml version="1.0" encoding="UTF-8"?>
<!-- Generated by org.testng.reporters.JUnitReportReporter -->
<testsuite hostname="MH30031711" name="File.Final" tests="1" failures="0" timestamp="3 May 2018 14:30:52 GMT" time="30.484" errors="0">
  <testcase name="testing" time="30.484" classname="File.Final"/>
</testsuite> <!-- File.Final -->
